<?xml version="1.0" encoding="UTF-8"?>
<robot generator="Robot 4.0.3 (Python 3.9.6 on win32)" generated="20210709 11:56:21.071" rpa="false" schemaversion="2">
<suite id="s1" name="Setup Teardown Demo" source="C:\Users\sachin\PycharmProjects\pythonProject3\Testrobot\setup_teardown_demo.robot">
<kw name="Log To Console" library="BuiltIn" type="SETUP">
<arg>opening Browser</arg>
<doc>Logs the given message to the console.</doc>
<status status="PASS" starttime="20210709 11:56:21.180" endtime="20210709 11:56:21.180"/>
</kw>
<test id="s1-t1" name="Tc1 prepaid recharge">
<kw name="Log To Console" library="BuiltIn" type="SETUP">
<arg>login to application</arg>
<doc>Logs the given message to the console.</doc>
<status status="PASS" starttime="20210709 11:56:21.180" endtime="20210709 11:56:21.180"/>
</kw>
<kw name="Log To Console" library="BuiltIn">
<arg>this is prepaid recharge testcase</arg>
<doc>Logs the given message to the console.</doc>
<status status="PASS" starttime="20210709 11:56:21.180" endtime="20210709 11:56:21.180"/>
</kw>
<kw name="Log To Console" library="BuiltIn" type="TEARDOWN">
<arg>logout to application</arg>
<doc>Logs the given message to the console.</doc>
<status status="PASS" starttime="20210709 11:56:21.180" endtime="20210709 11:56:21.180"/>
</kw>
<tag>sanity</tag>
<status status="PASS" starttime="20210709 11:56:21.180" endtime="20210709 11:56:21.180"/>
</test>
<test id="s1-t2" name="Tc2 postpaid recharge">
<kw name="Log To Console" library="BuiltIn" type="SETUP">
<arg>login to application</arg>
<doc>Logs the given message to the console.</doc>
<status status="PASS" starttime="20210709 11:56:21.180" endtime="20210709 11:56:21.196"/>
</kw>
<kw name="Log To Console" library="BuiltIn">
<arg>this is postpaid recharge testcase</arg>
<doc>Logs the given message to the console.</doc>
<status status="PASS" starttime="20210709 11:56:21.196" endtime="20210709 11:56:21.196"/>
</kw>
<kw name="Log To Console" library="BuiltIn" type="TEARDOWN">
<arg>logout to application</arg>
<doc>Logs the given message to the console.</doc>
<status status="PASS" starttime="20210709 11:56:21.196" endtime="20210709 11:56:21.196"/>
</kw>
<tag>regression</tag>
<status status="PASS" starttime="20210709 11:56:21.180" endtime="20210709 11:56:21.196"/>
</test>
<test id="s1-t3" name="Tc3 search">
<kw name="Log To Console" library="BuiltIn" type="SETUP">
<arg>login to application</arg>
<doc>Logs the given message to the console.</doc>
<status status="PASS" starttime="20210709 11:56:21.196" endtime="20210709 11:56:21.196"/>
</kw>
<kw name="Log To Console" library="BuiltIn">
<arg>this is search testcase</arg>
<doc>Logs the given message to the console.</doc>
<status status="PASS" starttime="20210709 11:56:21.196" endtime="20210709 11:56:21.196"/>
</kw>
<kw name="Log To Console" library="BuiltIn" type="TEARDOWN">
<arg>logout to application</arg>
<doc>Logs the given message to the console.</doc>
<status status="PASS" starttime="20210709 11:56:21.196" endtime="20210709 11:56:21.196"/>
</kw>
<tag>sanity</tag>
<status status="PASS" starttime="20210709 11:56:21.196" endtime="20210709 11:56:21.196"/>
</test>
<test id="s1-t4" name="Tc4 advance search">
<kw name="Log To Console" library="BuiltIn" type="SETUP">
<arg>login to application</arg>
<doc>Logs the given message to the console.</doc>
<status status="PASS" starttime="20210709 11:56:21.196" endtime="20210709 11:56:21.196"/>
</kw>
<kw name="Log To Console" library="BuiltIn">
<arg>this is advance search test case</arg>
<doc>Logs the given message to the console.</doc>
<status status="PASS" starttime="20210709 11:56:21.196" endtime="20210709 11:56:21.196"/>
</kw>
<kw name="Log To Console" library="BuiltIn" type="TEARDOWN">
<arg>logout to application</arg>
<doc>Logs the given message to the console.</doc>
<status status="PASS" starttime="20210709 11:56:21.196" endtime="20210709 11:56:21.196"/>
</kw>
<tag>regression</tag>
<status status="PASS" starttime="20210709 11:56:21.196" endtime="20210709 11:56:21.196"/>
</test>
<kw name="Log To Console" library="BuiltIn" type="TEARDOWN">
<arg>closing Browser</arg>
<doc>Logs the given message to the console.</doc>
<status status="PASS" starttime="20210709 11:56:21.211" endtime="20210709 11:56:21.211"/>
</kw>
<status status="PASS" starttime="20210709 11:56:21.071" endtime="20210709 11:56:21.211"/>
</suite>
<statistics>
<total>
<stat pass="4" fail="0" skip="0">All Tests</stat>
</total>
<tag>
<stat pass="2" fail="0" skip="0">regression</stat>
<stat pass="2" fail="0" skip="0">sanity</stat>
</tag>
<suite>
<stat pass="4" fail="0" skip="0" id="s1" name="Setup Teardown Demo">Setup Teardown Demo</stat>
</suite>
</statistics>
<errors>
</errors>
</robot>
